<?xml version="1.0" encoding="UTF-8"?>
<testsuites name="Data Driven Testing" time="47.459" tests="3" failures="0" errors="0">
   <testsuite name="Data Driven Testing" tests="3" failures="0" errors="0" time="47.459" skipped="0" timestamp="04-02-2024T22:57:14" hostname="AJAY - DESKTOP-90P6B7K" id="Test Suites/Data Driven Testing">
      <properties>
         <property name="deviceName" value=""/>
         <property name="devicePlatform" value=""/>
         <property name="logFolder" value="C:\\Users\\AJAY\\git\\SI-GuidedProject-705199-1704825218\\Reports\\20240204_225709\\Data Driven Testing\\20240204_225709"/>
         <property name="logFiles" value="C:\\Users\\AJAY\\git\\SI-GuidedProject-705199-1704825218\\Reports\\20240204_225709\\Data Driven Testing\\20240204_225709\\execution0.log"/>
         <property name="attachments" value=""/>
         <property name="hostName" value="AJAY - DESKTOP-90P6B7K"/>
         <property name="os" value="Windows 11 64bit"/>
         <property name="katalonVersion" value="9.2.0.212"/>
         <property name="browser" value="Chrome 121.0.0.0"/>
         <property name="hostAddress" value="192.168.100.118"/>
         <property name="sessionId" value="49fba3fee265d3db40ec1d655901e8de"/>
         <property name="seleniumVersion" value="3.141.59"/>
         <property name="proxyInformation" value="ProxyInformation { proxyOption=NO_PROXY, proxyServerType=HTTP, username=, password=********, proxyServerAddress=, proxyServerPort=0, executionList=&quot;&quot;, isApplyToDesiredCapabilities=true }"/>
         <property name="platform" value="Windows 11"/>
      </properties>
      <testcase name="Test Cases/TC_OrangeHRM_Login_001" time="18.939" classname="Test Cases/TC_OrangeHRM_Login_001" status="PASSED">
         <system-out><![CDATA[04-02-2024T22:57:14 - [TEST_CASE][PASSED] - Test Cases/TC_OrangeHRM_Login_001: Test Cases/TC_OrangeHRM_Login_001

04-02-2024T22:57:14 - [TEST_STEP][PASSED] - openBrowser(""): Browser is opened with url: ''

04-02-2024T22:57:15 - [MESSAGE][INFO] - Starting 'Chrome' driver

04-02-2024T22:57:15 - [MESSAGE][INFO] - Action delay is set to 0 milliseconds

04-02-2024T22:57:16 - [MESSAGE][PASSED] - Browser is opened with url: ''

04-02-2024T22:57:16 - [TEST_STEP][PASSED] - navigateToUrl(url): Navigate to 'https://opensource-demo.orangehrmlive.com/web/index.php/auth/login' successfully

04-02-2024T22:57:26 - [MESSAGE][PASSED] - Navigate to 'https://opensource-demo.orangehrmlive.com/web/index.php/auth/login' successfully

04-02-2024T22:57:26 - [TEST_STEP][PASSED] - maximizeWindow(): Current window maximized

04-02-2024T22:57:26 - [MESSAGE][PASSED] - Current window maximized

04-02-2024T22:57:26 - [TEST_STEP][PASSED] - setText(findTestObject("TC_OrangeHRM_Login_001/Page_OrangeHRM/input_username", ["variable":username]), username): Text 'Admin' is set on object 'Object Repository/TC_OrangeHRM_Login_001/Page_OrangeHRM/input_username'

04-02-2024T22:57:28 - [MESSAGE][PASSED] - Text 'Admin' is set on object 'Object Repository/TC_OrangeHRM_Login_001/Page_OrangeHRM/input_username'

04-02-2024T22:57:28 - [TEST_STEP][PASSED] - setText(findTestObject("TC_OrangeHRM_Login_001/Page_OrangeHRM/input_password", ["variable":password]), password): Text 'admin123' is set on object 'Object Repository/TC_OrangeHRM_Login_001/Page_OrangeHRM/input_password'

04-02-2024T22:57:29 - [MESSAGE][PASSED] - Text 'admin123' is set on object 'Object Repository/TC_OrangeHRM_Login_001/Page_OrangeHRM/input_password'

04-02-2024T22:57:29 - [TEST_STEP][PASSED] - click(findTestObject("Object Repository/TC_OrangeHRM_Login_001/Page_OrangeHRM/button_Login")): Object: 'Object Repository/TC_OrangeHRM_Login_001/Page_OrangeHRM/button_Login' is clicked on

04-02-2024T22:57:29 - [MESSAGE][PASSED] - Object: 'Object Repository/TC_OrangeHRM_Login_001/Page_OrangeHRM/button_Login' is clicked on

04-02-2024T22:57:29 - [TEST_STEP][PASSED] - click(findTestObject("Object Repository/TC_OrangeHRM_Login_001/Page_OrangeHRM/h6_Dashboard")): Object: 'Object Repository/TC_OrangeHRM_Login_001/Page_OrangeHRM/h6_Dashboard' is clicked on

04-02-2024T22:57:32 - [MESSAGE][PASSED] - Object: 'Object Repository/TC_OrangeHRM_Login_001/Page_OrangeHRM/h6_Dashboard' is clicked on

04-02-2024T22:57:32 - [TEST_STEP][PASSED] - verifyElementText(findTestObject("Object Repository/TC_OrangeHRM_Login_001/Page_OrangeHRM/h6_Dashboard"), "Dashboard"): Actual text and expected text of test object 'Object Repository/TC_OrangeHRM_Login_001/Page_OrangeHRM/h6_Dashboard' are matched.

04-02-2024T22:57:33 - [MESSAGE][PASSED] - Actual text and expected text of test object 'Object Repository/TC_OrangeHRM_Login_001/Page_OrangeHRM/h6_Dashboard' are matched.

04-02-2024T22:57:33 - [TEST_STEP][PASSED] - closeBrowser(): Browser is closed

04-02-2024T22:57:33 - [MESSAGE][PASSED] - Browser is closed]]></system-out>
         <system-err><![CDATA[]]></system-err>
      </testcase>
      <testcase name="Test Cases/TC_OrangeHRM_Login_001" time="12.624" classname="Test Cases/TC_OrangeHRM_Login_001" status="PASSED">
         <system-out><![CDATA[04-02-2024T22:57:33 - [TEST_CASE][PASSED] - Test Cases/TC_OrangeHRM_Login_001: Test Cases/TC_OrangeHRM_Login_001

04-02-2024T22:57:33 - [TEST_STEP][PASSED] - openBrowser(""): Browser is opened with url: ''

04-02-2024T22:57:33 - [MESSAGE][INFO] - Starting 'Chrome' driver

04-02-2024T22:57:33 - [MESSAGE][INFO] - Action delay is set to 0 milliseconds

04-02-2024T22:57:34 - [MESSAGE][PASSED] - Browser is opened with url: ''

04-02-2024T22:57:34 - [TEST_STEP][PASSED] - navigateToUrl(url): Navigate to 'https://opensource-demo.orangehrmlive.com/web/index.php/auth/login' successfully

04-02-2024T22:57:39 - [MESSAGE][PASSED] - Navigate to 'https://opensource-demo.orangehrmlive.com/web/index.php/auth/login' successfully

04-02-2024T22:57:39 - [TEST_STEP][PASSED] - maximizeWindow(): Current window maximized

04-02-2024T22:57:40 - [MESSAGE][PASSED] - Current window maximized

04-02-2024T22:57:40 - [TEST_STEP][PASSED] - setText(findTestObject("TC_OrangeHRM_Login_001/Page_OrangeHRM/input_username", ["variable":username]), username): Text 'Admin' is set on object 'Object Repository/TC_OrangeHRM_Login_001/Page_OrangeHRM/input_username'

04-02-2024T22:57:41 - [MESSAGE][PASSED] - Text 'Admin' is set on object 'Object Repository/TC_OrangeHRM_Login_001/Page_OrangeHRM/input_username'

04-02-2024T22:57:41 - [TEST_STEP][PASSED] - setText(findTestObject("TC_OrangeHRM_Login_001/Page_OrangeHRM/input_password", ["variable":password]), password): Text 'admin123' is set on object 'Object Repository/TC_OrangeHRM_Login_001/Page_OrangeHRM/input_password'

04-02-2024T22:57:42 - [MESSAGE][PASSED] - Text 'admin123' is set on object 'Object Repository/TC_OrangeHRM_Login_001/Page_OrangeHRM/input_password'

04-02-2024T22:57:42 - [TEST_STEP][PASSED] - click(findTestObject("Object Repository/TC_OrangeHRM_Login_001/Page_OrangeHRM/button_Login")): Object: 'Object Repository/TC_OrangeHRM_Login_001/Page_OrangeHRM/button_Login' is clicked on

04-02-2024T22:57:42 - [MESSAGE][PASSED] - Object: 'Object Repository/TC_OrangeHRM_Login_001/Page_OrangeHRM/button_Login' is clicked on

04-02-2024T22:57:42 - [TEST_STEP][PASSED] - click(findTestObject("Object Repository/TC_OrangeHRM_Login_001/Page_OrangeHRM/h6_Dashboard")): Object: 'Object Repository/TC_OrangeHRM_Login_001/Page_OrangeHRM/h6_Dashboard' is clicked on

04-02-2024T22:57:45 - [MESSAGE][PASSED] - Object: 'Object Repository/TC_OrangeHRM_Login_001/Page_OrangeHRM/h6_Dashboard' is clicked on

04-02-2024T22:57:45 - [TEST_STEP][PASSED] - verifyElementText(findTestObject("Object Repository/TC_OrangeHRM_Login_001/Page_OrangeHRM/h6_Dashboard"), "Dashboard"): Actual text and expected text of test object 'Object Repository/TC_OrangeHRM_Login_001/Page_OrangeHRM/h6_Dashboard' are matched.

04-02-2024T22:57:45 - [MESSAGE][PASSED] - Actual text and expected text of test object 'Object Repository/TC_OrangeHRM_Login_001/Page_OrangeHRM/h6_Dashboard' are matched.

04-02-2024T22:57:45 - [TEST_STEP][PASSED] - closeBrowser(): Browser is closed

04-02-2024T22:57:46 - [MESSAGE][PASSED] - Browser is closed]]></system-out>
         <system-err><![CDATA[]]></system-err>
      </testcase>
      <testcase name="Test Cases/TC_OrangeHRM_Login_001" time="15.511" classname="Test Cases/TC_OrangeHRM_Login_001" status="PASSED">
         <system-out><![CDATA[04-02-2024T22:57:46 - [TEST_CASE][PASSED] - Test Cases/TC_OrangeHRM_Login_001: Test Cases/TC_OrangeHRM_Login_001

04-02-2024T22:57:46 - [TEST_STEP][PASSED] - openBrowser(""): Browser is opened with url: ''

04-02-2024T22:57:46 - [MESSAGE][INFO] - Starting 'Chrome' driver

04-02-2024T22:57:46 - [MESSAGE][INFO] - Action delay is set to 0 milliseconds

04-02-2024T22:57:46 - [MESSAGE][PASSED] - Browser is opened with url: ''

04-02-2024T22:57:46 - [TEST_STEP][PASSED] - navigateToUrl(url): Navigate to 'https://opensource-demo.orangehrmlive.com/web/index.php/auth/login' successfully

04-02-2024T22:57:55 - [MESSAGE][PASSED] - Navigate to 'https://opensource-demo.orangehrmlive.com/web/index.php/auth/login' successfully

04-02-2024T22:57:55 - [TEST_STEP][PASSED] - maximizeWindow(): Current window maximized

04-02-2024T22:57:55 - [MESSAGE][PASSED] - Current window maximized

04-02-2024T22:57:55 - [TEST_STEP][PASSED] - setText(findTestObject("TC_OrangeHRM_Login_001/Page_OrangeHRM/input_username", ["variable":username]), username): Text 'Admin' is set on object 'Object Repository/TC_OrangeHRM_Login_001/Page_OrangeHRM/input_username'

04-02-2024T22:57:56 - [MESSAGE][PASSED] - Text 'Admin' is set on object 'Object Repository/TC_OrangeHRM_Login_001/Page_OrangeHRM/input_username'

04-02-2024T22:57:56 - [TEST_STEP][PASSED] - setText(findTestObject("TC_OrangeHRM_Login_001/Page_OrangeHRM/input_password", ["variable":password]), password): Text 'admin123' is set on object 'Object Repository/TC_OrangeHRM_Login_001/Page_OrangeHRM/input_password'

04-02-2024T22:57:57 - [MESSAGE][PASSED] - Text 'admin123' is set on object 'Object Repository/TC_OrangeHRM_Login_001/Page_OrangeHRM/input_password'

04-02-2024T22:57:57 - [TEST_STEP][PASSED] - click(findTestObject("Object Repository/TC_OrangeHRM_Login_001/Page_OrangeHRM/button_Login")): Object: 'Object Repository/TC_OrangeHRM_Login_001/Page_OrangeHRM/button_Login' is clicked on

04-02-2024T22:57:58 - [MESSAGE][PASSED] - Object: 'Object Repository/TC_OrangeHRM_Login_001/Page_OrangeHRM/button_Login' is clicked on

04-02-2024T22:57:58 - [TEST_STEP][PASSED] - click(findTestObject("Object Repository/TC_OrangeHRM_Login_001/Page_OrangeHRM/h6_Dashboard")): Object: 'Object Repository/TC_OrangeHRM_Login_001/Page_OrangeHRM/h6_Dashboard' is clicked on

04-02-2024T22:58:01 - [MESSAGE][PASSED] - Object: 'Object Repository/TC_OrangeHRM_Login_001/Page_OrangeHRM/h6_Dashboard' is clicked on

04-02-2024T22:58:01 - [TEST_STEP][PASSED] - verifyElementText(findTestObject("Object Repository/TC_OrangeHRM_Login_001/Page_OrangeHRM/h6_Dashboard"), "Dashboard"): Actual text and expected text of test object 'Object Repository/TC_OrangeHRM_Login_001/Page_OrangeHRM/h6_Dashboard' are matched.

04-02-2024T22:58:01 - [MESSAGE][PASSED] - Actual text and expected text of test object 'Object Repository/TC_OrangeHRM_Login_001/Page_OrangeHRM/h6_Dashboard' are matched.

04-02-2024T22:58:01 - [TEST_STEP][PASSED] - closeBrowser(): Browser is closed

04-02-2024T22:58:01 - [MESSAGE][PASSED] - Browser is closed]]></system-out>
         <system-err><![CDATA[]]></system-err>
      </testcase>
      <system-out><![CDATA[04-02-2024T22:57:14 - [TEST_SUITE][PASSED] - Data Driven Testing: Test Cases/TC_OrangeHRM_Login_001]]></system-out>
      <system-err><![CDATA[]]></system-err>
   </testsuite>
</testsuites>
